# JRE version: OpenJDK Runtime Environment Temurin-21.0.6+7 (21.0.6+7) (build 21.0.6+7-LTS)
# Java VM: OpenJDK 64-Bit Server VM Temurin-21.0.6+7 (21.0.6+7-LTS, mixed mode, sharing, tiered, compressed oops, compressed class ptrs, parallel gc, windows-amd64)
GC Precious Log:
 CardTable entry size: 512
 CPUs: 4 total, 4 available
 Memory: 16196M
 Large Page Support: Disabled
 NUMA Support: Disabled
 Compressed Oops: Enabled (32-bit)
 Alignments: Space 512K, Generation 512K, Heap 2M
 Heap Min Capacity: 100M
 Heap Initial Capacity: 100M
 Heap Max Capacity: 1G
 Pre-touch: Disabled
 Parallel Workers: 4
Heap:
 PSYoungGen      total 3072K, used 2883K [0x00000000eab00000, 0x00000000eaf80000, 0x0000000100000000)
  eden space 1536K, 100% used [0x00000000eab00000,0x00000000eac80000,0x00000000eac80000)
  from space 1536K, 87% used [0x00000000eac80000,0x00000000eadd0fd0,0x00000000eae00000)
  to   space 1536K, 99% used [0x00000000eae00000,0x00000000eaf7dfa0,0x00000000eaf80000)
 ParOldGen       total 478720K, used 464326K [0x00000000c0000000, 0x00000000dd380000, 0x00000000eab00000)
  object space 478720K, 96% used [0x00000000c0000000,0x00000000dc571aa0,0x00000000dd380000)
 Metaspace       used 62162K, committed 63488K, reserved 1114112K
  class space    used 6527K, committed 7104K, reserved 1048576K
GC Heap History (20 events):
Event: 63.150 GC heap before
{Heap before GC invocations=865 (full 4):
 PSYoungGen      total 3584K, used 3005K [0x00000000eab00000, 0x00000000eb080000, 0x0000000100000000)
  eden space 1536K, 92% used [0x00000000eab00000,0x00000000eac636b8,0x00000000eac80000)
  from space 2048K, 77% used [0x00000000eae80000,0x00000000eb00bf40,0x00000000eb080000)
  to   space 2048K, 0% used [0x00000000eac80000,0x00000000eac80000,0x00000000eae80000)
 ParOldGen       total 484864K, used 484371K [0x00000000c0000000, 0x00000000dd980000, 0x00000000eab00000)
  object space 484864K, 99% used [0x00000000c0000000,0x00000000dd904d90,0x00000000dd980000)
 Metaspace       used 62162K, committed 63488K, reserved 1114112K
  class space    used 6527K, committed 7104K, reserved 1048576K
}
Event: 63.156 GC heap after
{Heap after GC invocations=865 (full 4):
 PSYoungGen      total 3584K, used 3005K [0x00000000eab00000, 0x00000000eb080000, 0x0000000100000000)
  eden space 1536K, 92% used [0x00000000eab00000,0x00000000eac636b8,0x00000000eac80000)
  from space 2048K, 77% used [0x00000000eae80000,0x00000000eb00bf40,0x00000000eb080000)
  to   space 2048K, 71% used [0x00000000eac80000,0x00000000eadebf40,0x00000000eae80000)
 ParOldGen       total 486400K, used 485903K [0x00000000c0000000, 0x00000000ddb00000, 0x00000000eab00000)
  object space 486400K, 99% used [0x00000000c0000000,0x00000000dda83c30,0x00000000ddb00000)
 Metaspace       used 62162K, committed 63488K, reserved 1114112K
  class space    used 6527K, committed 7104K, reserved 1048576K
}
Event: 63.156 GC heap before
{Heap before GC invocations=866 (full 5):
 PSYoungGen      total 3584K, used 3005K [0x00000000eab00000, 0x00000000eb080000, 0x0000000100000000)
  eden space 1536K, 92% used [0x00000000eab00000,0x00000000eac636b8,0x00000000eac80000)
  from space 2048K, 77% used [0x00000000eae80000,0x00000000eb00bf40,0x00000000eb080000)
  to   space 2048K, 71% used [0x00000000eac80000,0x00000000eadebf40,0x00000000eae80000)
 ParOldGen       total 486400K, used 485903K [0x00000000c0000000, 0x00000000ddb00000, 0x00000000eab00000)
  object space 486400K, 99% used [0x00000000c0000000,0x00000000dda83c30,0x00000000ddb00000)
 Metaspace       used 62162K, committed 63488K, reserved 1114112K
  class space    used 6527K, committed 7104K, reserved 1048576K
}
Event: 63.529 GC heap after
{Heap after GC invocations=866 (full 5):
 PSYoungGen      total 3584K, used 0K [0x00000000eab00000, 0x00000000eb080000, 0x0000000100000000)
  eden space 1536K, 0% used [0x00000000eab00000,0x00000000eab00000,0x00000000eac80000)
  from space 2048K, 0% used [0x00000000eac80000,0x00000000eac80000,0x00000000eae80000)
  to   space 2048K, 0% used [0x00000000eae80000,0x00000000eae80000,0x00000000eb080000)
 ParOldGen       total 478720K, used 453132K [0x00000000c0000000, 0x00000000dd380000, 0x00000000eab00000)
  object space 478720K, 94% used [0x00000000c0000000,0x00000000dba830e8,0x00000000dd380000)
 Metaspace       used 62162K, committed 63488K, reserved 1114112K
  class space    used 6527K, committed 7104K, reserved 1048576K
}
Event: 63.581 GC heap before
{Heap before GC invocations=867 (full 5):
 PSYoungGen      total 3584K, used 1536K [0x00000000eab00000, 0x00000000eb080000, 0x0000000100000000)
  eden space 1536K, 100% used [0x00000000eab00000,0x00000000eac80000,0x00000000eac80000)
  from space 2048K, 0% used [0x00000000eac80000,0x00000000eac80000,0x00000000eae80000)
  to   space 2048K, 0% used [0x00000000eae80000,0x00000000eae80000,0x00000000eb080000)
 ParOldGen       total 478720K, used 453132K [0x00000000c0000000, 0x00000000dd380000, 0x00000000eab00000)
  object space 478720K, 94% used [0x00000000c0000000,0x00000000dba830e8,0x00000000dd380000)
 Metaspace       used 62162K, committed 63488K, reserved 1114112K
  class space    used 6527K, committed 7104K, reserved 1048576K
}
Event: 63.585 GC heap after
{Heap after GC invocations=867 (full 5):
 PSYoungGen      total 3584K, used 1555K [0x00000000eab00000, 0x00000000eb080000, 0x0000000100000000)
  eden space 1536K, 0% used [0x00000000eab00000,0x00000000eab00000,0x00000000eac80000)
  from space 2048K, 75% used [0x00000000eae80000,0x00000000eb004db0,0x00000000eb080000)
  to   space 2048K, 0% used [0x00000000eac80000,0x00000000eac80000,0x00000000eae80000)
 ParOldGen       total 478720K, used 453132K [0x00000000c0000000, 0x00000000dd380000, 0x00000000eab00000)
  object space 478720K, 94% used [0x00000000c0000000,0x00000000dba830e8,0x00000000dd380000)
 Metaspace       used 62162K, committed 63488K, reserved 1114112K
  class space    used 6527K, committed 7104K, reserved 1048576K
}
Event: 63.595 GC heap before
{Heap before GC invocations=868 (full 5):
 PSYoungGen      total 3584K, used 2558K [0x00000000eab00000, 0x00000000eb080000, 0x0000000100000000)
  eden space 1536K, 65% used [0x00000000eab00000,0x00000000eabfadb8,0x00000000eac80000)
  from space 2048K, 75% used [0x00000000eae80000,0x00000000eb004db0,0x00000000eb080000)
  to   space 2048K, 0% used [0x00000000eac80000,0x00000000eac80000,0x00000000eae80000)
 ParOldGen       total 478720K, used 453132K [0x00000000c0000000, 0x00000000dd380000, 0x00000000eab00000)
  object space 478720K, 94% used [0x00000000c0000000,0x00000000dba830e8,0x00000000dd380000)
 Metaspace       used 62162K, committed 63488K, reserved 1114112K
  class space    used 6527K, committed 7104K, reserved 1048576K
}
Event: 63.601 GC heap after
{Heap after GC invocations=868 (full 5):
 PSYoungGen      total 3072K, used 1088K [0x00000000eab00000, 0x00000000eaf80000, 0x0000000100000000)
  eden space 1536K, 0% used [0x00000000eab00000,0x00000000eab00000,0x00000000eac80000)
  from space 1536K, 70% used [0x00000000eac80000,0x00000000ead90000,0x00000000eae00000)
  to   space 1536K, 0% used [0x00000000eae00000,0x00000000eae00000,0x00000000eaf80000)
 ParOldGen       total 478720K, used 454663K [0x00000000c0000000, 0x00000000dd380000, 0x00000000eab00000)
  object space 478720K, 94% used [0x00000000c0000000,0x00000000dbc01e88,0x00000000dd380000)
 Metaspace       used 62162K, committed 63488K, reserved 1114112K
  class space    used 6527K, committed 7104K, reserved 1048576K
}
Event: 63.636 GC heap before
{Heap before GC invocations=869 (full 5):
 PSYoungGen      total 3072K, used 2603K [0x00000000eab00000, 0x00000000eaf80000, 0x0000000100000000)
  eden space 1536K, 98% used [0x00000000eab00000,0x00000000eac7ac10,0x00000000eac80000)
  from space 1536K, 70% used [0x00000000eac80000,0x00000000ead90000,0x00000000eae00000)
  to   space 1536K, 0% used [0x00000000eae00000,0x00000000eae00000,0x00000000eaf80000)
 ParOldGen       total 478720K, used 454663K [0x00000000c0000000, 0x00000000dd380000, 0x00000000eab00000)
  object space 478720K, 94% used [0x00000000c0000000,0x00000000dbc01e88,0x00000000dd380000)
 Metaspace       used 62162K, committed 63488K, reserved 1114112K
  class space    used 6527K, committed 7104K, reserved 1048576K
}
Event: 63.640 GC heap after
{Heap after GC invocations=869 (full 5):
 PSYoungGen      total 3072K, used 1351K [0x00000000eab00000, 0x00000000eaf80000, 0x0000000100000000)
  eden space 1536K, 0% used [0x00000000eab00000,0x00000000eab00000,0x00000000eac80000)
  from space 1536K, 88% used [0x00000000eae00000,0x00000000eaf51fa0,0x00000000eaf80000)
  to   space 1536K, 0% used [0x00000000eac80000,0x00000000eac80000,0x00000000eae00000)
 ParOldGen       total 478720K, used 455896K [0x00000000c0000000, 0x00000000dd380000, 0x00000000eab00000)
  object space 478720K, 95% used [0x00000000c0000000,0x00000000dbd363d0,0x00000000dd380000)
 Metaspace       used 62162K, committed 63488K, reserved 1114112K
  class space    used 6527K, committed 7104K, reserved 1048576K
}
Event: 63.678 GC heap before
{Heap before GC invocations=870 (full 5):
 PSYoungGen      total 3072K, used 2887K [0x00000000eab00000, 0x00000000eaf80000, 0x0000000100000000)
  eden space 1536K, 100% used [0x00000000eab00000,0x00000000eac80000,0x00000000eac80000)
  from space 1536K, 88% used [0x00000000eae00000,0x00000000eaf51fa0,0x00000000eaf80000)
  to   space 1536K, 0% used [0x00000000eac80000,0x00000000eac80000,0x00000000eae00000)
 ParOldGen       total 478720K, used 455896K [0x00000000c0000000, 0x00000000dd380000, 0x00000000eab00000)
  object space 478720K, 95% used [0x00000000c0000000,0x00000000dbd363d0,0x00000000dd380000)
 Metaspace       used 62162K, committed 63488K, reserved 1114112K
  class space    used 6527K, committed 7104K, reserved 1048576K
}
Event: 63.684 GC heap after
{Heap after GC invocations=870 (full 5):
 PSYoungGen      total 3072K, used 1519K [0x00000000eab00000, 0x00000000eaf80000, 0x0000000100000000)
  eden space 1536K, 0% used [0x00000000eab00000,0x00000000eab00000,0x00000000eac80000)
  from space 1536K, 98% used [0x00000000eac80000,0x00000000eadfbcf8,0x00000000eae00000)
  to   space 1536K, 0% used [0x00000000eae00000,0x00000000eae00000,0x00000000eaf80000)
 ParOldGen       total 478720K, used 457207K [0x00000000c0000000, 0x00000000dd380000, 0x00000000eab00000)
  object space 478720K, 95% used [0x00000000c0000000,0x00000000dbe7dde0,0x00000000dd380000)
 Metaspace       used 62162K, committed 63488K, reserved 1114112K
  class space    used 6527K, committed 7104K, reserved 1048576K
}
Event: 63.738 GC heap before
{Heap before GC invocations=871 (full 5):
 PSYoungGen      total 3072K, used 3055K [0x00000000eab00000, 0x00000000eaf80000, 0x0000000100000000)
  eden space 1536K, 100% used [0x00000000eab00000,0x00000000eac80000,0x00000000eac80000)
  from space 1536K, 98% used [0x00000000eac80000,0x00000000eadfbcf8,0x00000000eae00000)
  to   space 1536K, 0% used [0x00000000eae00000,0x00000000eae00000,0x00000000eaf80000)
 ParOldGen       total 478720K, used 457207K [0x00000000c0000000, 0x00000000dd380000, 0x00000000eab00000)
  object space 478720K, 95% used [0x00000000c0000000,0x00000000dbe7dde0,0x00000000dd380000)
 Metaspace       used 62162K, committed 63488K, reserved 1114112K
  class space    used 6527K, committed 7104K, reserved 1048576K
}
Event: 63.743 GC heap after
{Heap after GC invocations=871 (full 5):
 PSYoungGen      total 3072K, used 1507K [0x00000000eab00000, 0x00000000eaf80000, 0x0000000100000000)
  eden space 1536K, 0% used [0x00000000eab00000,0x00000000eab00000,0x00000000eac80000)
  from space 1536K, 98% used [0x00000000eae00000,0x00000000eaf78f10,0x00000000eaf80000)
  to   space 1536K, 0% used [0x00000000eac80000,0x00000000eac80000,0x00000000eae00000)
 ParOldGen       total 478720K, used 458766K [0x00000000c0000000, 0x00000000dd380000, 0x00000000eab00000)
  object space 478720K, 95% used [0x00000000c0000000,0x00000000dc0039e8,0x00000000dd380000)
 Metaspace       used 62162K, committed 63488K, reserved 1114112K
  class space    used 6527K, committed 7104K, reserved 1048576K
}
Event: 63.788 GC heap before
{Heap before GC invocations=872 (full 5):
 PSYoungGen      total 3072K, used 2734K [0x00000000eab00000, 0x00000000eaf80000, 0x0000000100000000)
  eden space 1536K, 79% used [0x00000000eab00000,0x00000000eac32c50,0x00000000eac80000)
  from space 1536K, 98% used [0x00000000eae00000,0x00000000eaf78f10,0x00000000eaf80000)
  to   space 1536K, 0% used [0x00000000eac80000,0x00000000eac80000,0x00000000eae00000)
 ParOldGen       total 478720K, used 458766K [0x00000000c0000000, 0x00000000dd380000, 0x00000000eab00000)
  object space 478720K, 95% used [0x00000000c0000000,0x00000000dc0039e8,0x00000000dd380000)
 Metaspace       used 62162K, committed 63488K, reserved 1114112K
  class space    used 6527K, committed 7104K, reserved 1048576K
}
Event: 63.797 GC heap after
{Heap after GC invocations=872 (full 5):
 PSYoungGen      total 3072K, used 1227K [0x00000000eab00000, 0x00000000eb080000, 0x0000000100000000)
  eden space 1536K, 0% used [0x00000000eab00000,0x00000000eab00000,0x00000000eac80000)
  from space 1536K, 79% used [0x00000000eac80000,0x00000000eadb2f48,0x00000000eae00000)
  to   space 2048K, 0% used [0x00000000eae80000,0x00000000eae80000,0x00000000eb080000)
 ParOldGen       total 478720K, used 460283K [0x00000000c0000000, 0x00000000dd380000, 0x00000000eab00000)
  object space 478720K, 96% used [0x00000000c0000000,0x00000000dc17ee08,0x00000000dd380000)
 Metaspace       used 62162K, committed 63488K, reserved 1114112K
  class space    used 6527K, committed 7104K, reserved 1048576K
}
Event: 63.826 GC heap before
{Heap before GC invocations=873 (full 5):
 PSYoungGen      total 3072K, used 2763K [0x00000000eab00000, 0x00000000eb080000, 0x0000000100000000)
  eden space 1536K, 99% used [0x00000000eab00000,0x00000000eac7fff0,0x00000000eac80000)
  from space 1536K, 79% used [0x00000000eac80000,0x00000000eadb2f48,0x00000000eae00000)
  to   space 2048K, 0% used [0x00000000eae80000,0x00000000eae80000,0x00000000eb080000)
 ParOldGen       total 478720K, used 460283K [0x00000000c0000000, 0x00000000dd380000, 0x00000000eab00000)
  object space 478720K, 96% used [0x00000000c0000000,0x00000000dc17ee08,0x00000000dd380000)
 Metaspace       used 62162K, committed 63488K, reserved 1114112K
  class space    used 6527K, committed 7104K, reserved 1048576K
}
Event: 63.831 GC heap after
{Heap after GC invocations=873 (full 5):
 PSYoungGen      total 3584K, used 1562K [0x00000000eab00000, 0x00000000eb080000, 0x0000000100000000)
  eden space 1536K, 0% used [0x00000000eab00000,0x00000000eab00000,0x00000000eac80000)
  from space 2048K, 76% used [0x00000000eae80000,0x00000000eb006a48,0x00000000eb080000)
  to   space 2048K, 0% used [0x00000000eac80000,0x00000000eac80000,0x00000000eae80000)
 ParOldGen       total 478720K, used 461504K [0x00000000c0000000, 0x00000000dd380000, 0x00000000eab00000)
  object space 478720K, 96% used [0x00000000c0000000,0x00000000dc2b01c8,0x00000000dd380000)
 Metaspace       used 62162K, committed 63488K, reserved 1114112K
  class space    used 6527K, committed 7104K, reserved 1048576K
}
Event: 63.888 GC heap before
{Heap before GC invocations=874 (full 5):
 PSYoungGen      total 3584K, used 2890K [0x00000000eab00000, 0x00000000eb080000, 0x0000000100000000)
  eden space 1536K, 86% used [0x00000000eab00000,0x00000000eac4bdd0,0x00000000eac80000)
  from space 2048K, 76% used [0x00000000eae80000,0x00000000eb006a48,0x00000000eb080000)
  to   space 2048K, 0% used [0x00000000eac80000,0x00000000eac80000,0x00000000eae80000)
 ParOldGen       total 478720K, used 461504K [0x00000000c0000000, 0x00000000dd380000, 0x00000000eab00000)
  object space 478720K, 96% used [0x00000000c0000000,0x00000000dc2b01c8,0x00000000dd380000)
 Metaspace       used 62162K, committed 63488K, reserved 1114112K
  class space    used 6527K, committed 7104K, reserved 1048576K
}
Event: 63.892 GC heap after
{Heap after GC invocations=874 (full 5):
 PSYoungGen      total 3072K, used 1347K [0x00000000eab00000, 0x00000000eaf80000, 0x0000000100000000)
  eden space 1536K, 0% used [0x00000000eab00000,0x00000000eab00000,0x00000000eac80000)
  from space 1536K, 87% used [0x00000000eac80000,0x00000000eadd0fd0,0x00000000eae00000)
  to   space 1536K, 0% used [0x00000000eae00000,0x00000000eae00000,0x00000000eaf80000)
 ParOldGen       total 478720K, used 463049K [0x00000000c0000000, 0x00000000dd380000, 0x00000000eab00000)
  object space 478720K, 96% used [0x00000000c0000000,0x00000000dc432620,0x00000000dd380000)
 Metaspace       used 62162K, committed 63488K, reserved 1114112K
  class space    used 6527K, committed 7104K, reserved 1048576K
}

