# JRE version: OpenJDK Runtime Environment Temurin-21.0.6+7 (21.0.6+7) (build 21.0.6+7-LTS)
# Java VM: OpenJDK 64-Bit Server VM Temurin-21.0.6+7 (21.0.6+7-LTS, mixed mode, sharing, tiered, compressed oops, compressed class ptrs, parallel gc, windows-amd64)
GC Precious Log:
 CardTable entry size: 512
 CPUs: 4 total, 4 available
 Memory: 16196M
 Large Page Support: Disabled
 NUMA Support: Disabled
 Compressed Oops: Enabled (32-bit)
 Alignments: Space 512K, Generation 512K, Heap 2M
 Heap Min Capacity: 100M
 Heap Initial Capacity: 100M
 Heap Max Capacity: 1G
 Pre-touch: Disabled
 Parallel Workers: 4
Heap:
 PSYoungGen      total 2560K, used 1440K [0x00000000eab00000, 0x00000000eaf00000, 0x0000000100000000)
  eden space 1536K, 31% used [0x00000000eab00000,0x00000000eab78098,0x00000000eac80000)
  from space 1024K, 93% used [0x00000000eae00000,0x00000000eaef0000,0x00000000eaf00000)
  to   space 1024K, 0% used [0x00000000ead00000,0x00000000ead00000,0x00000000eae00000)
 ParOldGen       total 484352K, used 466125K [0x00000000c0000000, 0x00000000dd900000, 0x00000000eab00000)
  object space 484352K, 96% used [0x00000000c0000000,0x00000000dc7337b8,0x00000000dd900000)
 Metaspace       used 57477K, committed 58816K, reserved 1114112K
  class space    used 5968K, committed 6528K, reserved 1048576K
GC Heap History (20 events):
Event: 43.741 GC heap before
{Heap before GC invocations=915 (full 3):
 PSYoungGen      total 2560K, used 2095K [0x00000000eab00000, 0x00000000eb080000, 0x0000000100000000)
  eden space 1024K, 100% used [0x00000000eab00000,0x00000000eac00000,0x00000000eac00000)
  from space 1536K, 69% used [0x00000000eac00000,0x00000000ead0bf18,0x00000000ead80000)
  to   space 2048K, 0% used [0x00000000eae80000,0x00000000eae80000,0x00000000eb080000)
 ParOldGen       total 493056K, used 492969K [0x00000000c0000000, 0x00000000de180000, 0x00000000eab00000)
  object space 493056K, 99% used [0x00000000c0000000,0x00000000de16a428,0x00000000de180000)
 Metaspace       used 57477K, committed 58816K, reserved 1114112K
  class space    used 5968K, committed 6528K, reserved 1048576K
}
Event: 43.747 GC heap after
{Heap after GC invocations=915 (full 3):
 PSYoungGen      total 3072K, used 1050K [0x00000000eab00000, 0x00000000eb000000, 0x0000000100000000)
  eden space 1536K, 0% used [0x00000000eab00000,0x00000000eab00000,0x00000000eac80000)
  from space 1536K, 68% used [0x00000000eae80000,0x00000000eaf86b30,0x00000000eb000000)
  to   space 1536K, 0% used [0x00000000ead00000,0x00000000ead00000,0x00000000eae80000)
 ParOldGen       total 495104K, used 494670K [0x00000000c0000000, 0x00000000de380000, 0x00000000eab00000)
  object space 495104K, 99% used [0x00000000c0000000,0x00000000de313830,0x00000000de380000)
 Metaspace       used 57477K, committed 58816K, reserved 1114112K
  class space    used 5968K, committed 6528K, reserved 1048576K
}
Event: 43.784 GC heap before
{Heap before GC invocations=916 (full 3):
 PSYoungGen      total 3072K, used 2586K [0x00000000eab00000, 0x00000000eb000000, 0x0000000100000000)
  eden space 1536K, 100% used [0x00000000eab00000,0x00000000eac80000,0x00000000eac80000)
  from space 1536K, 68% used [0x00000000eae80000,0x00000000eaf86b30,0x00000000eb000000)
  to   space 1536K, 0% used [0x00000000ead00000,0x00000000ead00000,0x00000000eae80000)
 ParOldGen       total 495104K, used 494670K [0x00000000c0000000, 0x00000000de380000, 0x00000000eab00000)
  object space 495104K, 99% used [0x00000000c0000000,0x00000000de313830,0x00000000de380000)
 Metaspace       used 57477K, committed 58816K, reserved 1114112K
  class space    used 5968K, committed 6528K, reserved 1048576K
}
Event: 43.790 GC heap after
{Heap after GC invocations=916 (full 3):
 PSYoungGen      total 3072K, used 1511K [0x00000000eab00000, 0x00000000eb280000, 0x0000000100000000)
  eden space 1536K, 0% used [0x00000000eab00000,0x00000000eab00000,0x00000000eac80000)
  from space 1536K, 98% used [0x00000000ead00000,0x00000000eae79fa0,0x00000000eae80000)
  to   space 3072K, 0% used [0x00000000eaf80000,0x00000000eaf80000,0x00000000eb280000)
 ParOldGen       total 496128K, used 495732K [0x00000000c0000000, 0x00000000de480000, 0x00000000eab00000)
  object space 496128K, 99% used [0x00000000c0000000,0x00000000de41d2f8,0x00000000de480000)
 Metaspace       used 57477K, committed 58816K, reserved 1114112K
  class space    used 5968K, committed 6528K, reserved 1048576K
}
Event: 43.848 GC heap before
{Heap before GC invocations=917 (full 3):
 PSYoungGen      total 3072K, used 3047K [0x00000000eab00000, 0x00000000eb280000, 0x0000000100000000)
  eden space 1536K, 100% used [0x00000000eab00000,0x00000000eac80000,0x00000000eac80000)
  from space 1536K, 98% used [0x00000000ead00000,0x00000000eae79fa0,0x00000000eae80000)
  to   space 3072K, 0% used [0x00000000eaf80000,0x00000000eaf80000,0x00000000eb280000)
 ParOldGen       total 496128K, used 495732K [0x00000000c0000000, 0x00000000de480000, 0x00000000eab00000)
  object space 496128K, 99% used [0x00000000c0000000,0x00000000de41d2f8,0x00000000de480000)
 Metaspace       used 57477K, committed 58816K, reserved 1114112K
  class space    used 5968K, committed 6528K, reserved 1048576K
}
Event: 43.854 GC heap after
{Heap after GC invocations=917 (full 3):
 PSYoungGen      total 3072K, used 3047K [0x00000000eab00000, 0x00000000eb280000, 0x0000000100000000)
  eden space 1536K, 100% used [0x00000000eab00000,0x00000000eac80000,0x00000000eac80000)
  from space 1536K, 98% used [0x00000000ead00000,0x00000000eae79fa0,0x00000000eae80000)
  to   space 3072K, 50% used [0x00000000eaf80000,0x00000000eb104fd0,0x00000000eb280000)
 ParOldGen       total 496640K, used 496634K [0x00000000c0000000, 0x00000000de500000, 0x00000000eab00000)
  object space 496640K, 99% used [0x00000000c0000000,0x00000000de4fe810,0x00000000de500000)
 Metaspace       used 57477K, committed 58816K, reserved 1114112K
  class space    used 5968K, committed 6528K, reserved 1048576K
}
Event: 43.854 GC heap before
{Heap before GC invocations=918 (full 4):
 PSYoungGen      total 3072K, used 3047K [0x00000000eab00000, 0x00000000eb280000, 0x0000000100000000)
  eden space 1536K, 100% used [0x00000000eab00000,0x00000000eac80000,0x00000000eac80000)
  from space 1536K, 98% used [0x00000000ead00000,0x00000000eae79fa0,0x00000000eae80000)
  to   space 3072K, 50% used [0x00000000eaf80000,0x00000000eb104fd0,0x00000000eb280000)
 ParOldGen       total 496640K, used 496634K [0x00000000c0000000, 0x00000000de500000, 0x00000000eab00000)
  object space 496640K, 99% used [0x00000000c0000000,0x00000000de4fe810,0x00000000de500000)
 Metaspace       used 57477K, committed 58816K, reserved 1114112K
  class space    used 5968K, committed 6528K, reserved 1048576K
}
Event: 44.249 GC heap after
{Heap after GC invocations=918 (full 4):
 PSYoungGen      total 4608K, used 0K [0x00000000eab00000, 0x00000000eb280000, 0x0000000100000000)
  eden space 1536K, 0% used [0x00000000eab00000,0x00000000eab00000,0x00000000eac80000)
  from space 3072K, 0% used [0x00000000eaf80000,0x00000000eaf80000,0x00000000eb280000)
  to   space 3072K, 0% used [0x00000000eac80000,0x00000000eac80000,0x00000000eaf80000)
 ParOldGen       total 484352K, used 459463K [0x00000000c0000000, 0x00000000dd900000, 0x00000000eab00000)
  object space 484352K, 94% used [0x00000000c0000000,0x00000000dc0b1c30,0x00000000dd900000)
 Metaspace       used 57477K, committed 58816K, reserved 1114112K
  class space    used 5968K, committed 6528K, reserved 1048576K
}
Event: 44.289 GC heap before
{Heap before GC invocations=919 (full 4):
 PSYoungGen      total 4608K, used 1536K [0x00000000eab00000, 0x00000000eb280000, 0x0000000100000000)
  eden space 1536K, 100% used [0x00000000eab00000,0x00000000eac80000,0x00000000eac80000)
  from space 3072K, 0% used [0x00000000eaf80000,0x00000000eaf80000,0x00000000eb280000)
  to   space 3072K, 0% used [0x00000000eac80000,0x00000000eac80000,0x00000000eaf80000)
 ParOldGen       total 484352K, used 459463K [0x00000000c0000000, 0x00000000dd900000, 0x00000000eab00000)
  object space 484352K, 94% used [0x00000000c0000000,0x00000000dc0b1c30,0x00000000dd900000)
 Metaspace       used 57477K, committed 58816K, reserved 1114112K
  class space    used 5968K, committed 6528K, reserved 1048576K
}
Event: 44.294 GC heap after
{Heap after GC invocations=919 (full 4):
 PSYoungGen      total 3072K, used 1527K [0x00000000eab00000, 0x00000000eb080000, 0x0000000100000000)
  eden space 1536K, 0% used [0x00000000eab00000,0x00000000eab00000,0x00000000eac80000)
  from space 1536K, 99% used [0x00000000eac80000,0x00000000eadfdcc0,0x00000000eae00000)
  to   space 2048K, 0% used [0x00000000eae80000,0x00000000eae80000,0x00000000eb080000)
 ParOldGen       total 484352K, used 459463K [0x00000000c0000000, 0x00000000dd900000, 0x00000000eab00000)
  object space 484352K, 94% used [0x00000000c0000000,0x00000000dc0b1c30,0x00000000dd900000)
 Metaspace       used 57477K, committed 58816K, reserved 1114112K
  class space    used 5968K, committed 6528K, reserved 1048576K
}
Event: 44.338 GC heap before
{Heap before GC invocations=920 (full 4):
 PSYoungGen      total 3072K, used 3017K [0x00000000eab00000, 0x00000000eb080000, 0x0000000100000000)
  eden space 1536K, 97% used [0x00000000eab00000,0x00000000eac74ab0,0x00000000eac80000)
  from space 1536K, 99% used [0x00000000eac80000,0x00000000eadfdcc0,0x00000000eae00000)
  to   space 2048K, 0% used [0x00000000eae80000,0x00000000eae80000,0x00000000eb080000)
 ParOldGen       total 484352K, used 459463K [0x00000000c0000000, 0x00000000dd900000, 0x00000000eab00000)
  object space 484352K, 94% used [0x00000000c0000000,0x00000000dc0b1c30,0x00000000dd900000)
 Metaspace       used 57477K, committed 58816K, reserved 1114112K
  class space    used 5968K, committed 6528K, reserved 1048576K
}
Event: 44.344 GC heap after
{Heap after GC invocations=920 (full 4):
 PSYoungGen      total 3584K, used 1491K [0x00000000eab00000, 0x00000000eb080000, 0x0000000100000000)
  eden space 1536K, 0% used [0x00000000eab00000,0x00000000eab00000,0x00000000eac80000)
  from space 2048K, 72% used [0x00000000eae80000,0x00000000eaff4fd0,0x00000000eb080000)
  to   space 2048K, 0% used [0x00000000eac80000,0x00000000eac80000,0x00000000eae80000)
 ParOldGen       total 484352K, used 460986K [0x00000000c0000000, 0x00000000dd900000, 0x00000000eab00000)
  object space 484352K, 95% used [0x00000000c0000000,0x00000000dc22e8d8,0x00000000dd900000)
 Metaspace       used 57477K, committed 58816K, reserved 1114112K
  class space    used 5968K, committed 6528K, reserved 1048576K
}
Event: 44.358 GC heap before
{Heap before GC invocations=921 (full 4):
 PSYoungGen      total 3584K, used 3027K [0x00000000eab00000, 0x00000000eb080000, 0x0000000100000000)
  eden space 1536K, 100% used [0x00000000eab00000,0x00000000eac80000,0x00000000eac80000)
  from space 2048K, 72% used [0x00000000eae80000,0x00000000eaff4fd0,0x00000000eb080000)
  to   space 2048K, 0% used [0x00000000eac80000,0x00000000eac80000,0x00000000eae80000)
 ParOldGen       total 484352K, used 460986K [0x00000000c0000000, 0x00000000dd900000, 0x00000000eab00000)
  object space 484352K, 95% used [0x00000000c0000000,0x00000000dc22e8d8,0x00000000dd900000)
 Metaspace       used 57477K, committed 58816K, reserved 1114112K
  class space    used 5968K, committed 6528K, reserved 1048576K
}
Event: 44.362 GC heap after
{Heap after GC invocations=921 (full 4):
 PSYoungGen      total 3584K, used 1640K [0x00000000eab00000, 0x00000000eb080000, 0x0000000100000000)
  eden space 1536K, 0% used [0x00000000eab00000,0x00000000eab00000,0x00000000eac80000)
  from space 2048K, 80% used [0x00000000eac80000,0x00000000eae1a000,0x00000000eae80000)
  to   space 2048K, 0% used [0x00000000eae80000,0x00000000eae80000,0x00000000eb080000)
 ParOldGen       total 484352K, used 462453K [0x00000000c0000000, 0x00000000dd900000, 0x00000000eab00000)
  object space 484352K, 95% used [0x00000000c0000000,0x00000000dc39d7b8,0x00000000dd900000)
 Metaspace       used 57477K, committed 58816K, reserved 1114112K
  class space    used 5968K, committed 6528K, reserved 1048576K
}
Event: 44.426 GC heap before
{Heap before GC invocations=922 (full 4):
 PSYoungGen      total 3584K, used 3173K [0x00000000eab00000, 0x00000000eb080000, 0x0000000100000000)
  eden space 1536K, 99% used [0x00000000eab00000,0x00000000eac7f420,0x00000000eac80000)
  from space 2048K, 80% used [0x00000000eac80000,0x00000000eae1a000,0x00000000eae80000)
  to   space 2048K, 0% used [0x00000000eae80000,0x00000000eae80000,0x00000000eb080000)
 ParOldGen       total 484352K, used 462453K [0x00000000c0000000, 0x00000000dd900000, 0x00000000eab00000)
  object space 484352K, 95% used [0x00000000c0000000,0x00000000dc39d7b8,0x00000000dd900000)
 Metaspace       used 57477K, committed 58816K, reserved 1114112K
  class space    used 5968K, committed 6528K, reserved 1048576K
}
Event: 44.430 GC heap after
{Heap after GC invocations=922 (full 4):
 PSYoungGen      total 3072K, used 1152K [0x00000000eab00000, 0x00000000eb000000, 0x0000000100000000)
  eden space 1536K, 0% used [0x00000000eab00000,0x00000000eab00000,0x00000000eac80000)
  from space 1536K, 75% used [0x00000000eae80000,0x00000000eafa0000,0x00000000eb000000)
  to   space 1536K, 0% used [0x00000000ead00000,0x00000000ead00000,0x00000000eae80000)
 ParOldGen       total 484352K, used 464005K [0x00000000c0000000, 0x00000000dd900000, 0x00000000eab00000)
  object space 484352K, 95% used [0x00000000c0000000,0x00000000dc5217b8,0x00000000dd900000)
 Metaspace       used 57477K, committed 58816K, reserved 1114112K
  class space    used 5968K, committed 6528K, reserved 1048576K
}
Event: 44.456 GC heap before
{Heap before GC invocations=923 (full 4):
 PSYoungGen      total 3072K, used 2688K [0x00000000eab00000, 0x00000000eb000000, 0x0000000100000000)
  eden space 1536K, 100% used [0x00000000eab00000,0x00000000eac80000,0x00000000eac80000)
  from space 1536K, 75% used [0x00000000eae80000,0x00000000eafa0000,0x00000000eb000000)
  to   space 1536K, 0% used [0x00000000ead00000,0x00000000ead00000,0x00000000eae80000)
 ParOldGen       total 484352K, used 464005K [0x00000000c0000000, 0x00000000dd900000, 0x00000000eab00000)
  object space 484352K, 95% used [0x00000000c0000000,0x00000000dc5217b8,0x00000000dd900000)
 Metaspace       used 57477K, committed 58816K, reserved 1114112K
  class space    used 5968K, committed 6528K, reserved 1048576K
}
Event: 44.460 GC heap after
{Heap after GC invocations=923 (full 4):
 PSYoungGen      total 2560K, used 1024K [0x00000000eab00000, 0x00000000eaf80000, 0x0000000100000000)
  eden space 1536K, 0% used [0x00000000eab00000,0x00000000eab00000,0x00000000eac80000)
  from space 1024K, 100% used [0x00000000ead00000,0x00000000eae00000,0x00000000eae00000)
  to   space 1536K, 0% used [0x00000000eae00000,0x00000000eae00000,0x00000000eaf80000)
 ParOldGen       total 484352K, used 465141K [0x00000000c0000000, 0x00000000dd900000, 0x00000000eab00000)
  object space 484352K, 96% used [0x00000000c0000000,0x00000000dc63d7b8,0x00000000dd900000)
 Metaspace       used 57477K, committed 58816K, reserved 1114112K
  class space    used 5968K, committed 6528K, reserved 1048576K
}
Event: 44.488 GC heap before
{Heap before GC invocations=924 (full 4):
 PSYoungGen      total 2560K, used 2560K [0x00000000eab00000, 0x00000000eaf80000, 0x0000000100000000)
  eden space 1536K, 100% used [0x00000000eab00000,0x00000000eac80000,0x00000000eac80000)
  from space 1024K, 100% used [0x00000000ead00000,0x00000000eae00000,0x00000000eae00000)
  to   space 1536K, 0% used [0x00000000eae00000,0x00000000eae00000,0x00000000eaf80000)
 ParOldGen       total 484352K, used 465141K [0x00000000c0000000, 0x00000000dd900000, 0x00000000eab00000)
  object space 484352K, 96% used [0x00000000c0000000,0x00000000dc63d7b8,0x00000000dd900000)
 Metaspace       used 57477K, committed 58816K, reserved 1114112K
  class space    used 5968K, committed 6528K, reserved 1048576K
}
Event: 44.491 GC heap after
{Heap after GC invocations=924 (full 4):
 PSYoungGen      total 2560K, used 960K [0x00000000eab00000, 0x00000000eaf00000, 0x0000000100000000)
  eden space 1536K, 0% used [0x00000000eab00000,0x00000000eab00000,0x00000000eac80000)
  from space 1024K, 93% used [0x00000000eae00000,0x00000000eaef0000,0x00000000eaf00000)
  to   space 1024K, 0% used [0x00000000ead00000,0x00000000ead00000,0x00000000eae00000)
 ParOldGen       total 484352K, used 466125K [0x00000000c0000000, 0x00000000dd900000, 0x00000000eab00000)
  object space 484352K, 96% used [0x00000000c0000000,0x00000000dc7337b8,0x00000000dd900000)
 Metaspace       used 57477K, committed 58816K, reserved 1114112K
  class space    used 5968K, committed 6528K, reserved 1048576K
}

