# JRE version: Java(TM) SE Runtime Environment (17.0.12+8) (build 17.0.12+8-LTS-286)
# Java VM: Java HotSpot(TM) 64-Bit Server VM (17.0.12+8-LTS-286, mixed mode, sharing, tiered, compressed oops, compressed class ptrs, g1 gc, windows-amd64)
GC Precious Log:
 CPUs: 4 total, 4 available
 Memory: 16196M
 Large Page Support: Disabled
 NUMA Support: Disabled
 Compressed Oops: Enabled (Zero based)
 Heap Region Size: 4M
 Heap Min Capacity: 8M
 Heap Initial Capacity: 256M
 Heap Max Capacity: 8G
 Pre-touch: Disabled
 Parallel Workers: 4
 Concurrent Workers: 1
 Concurrent Refinement Workers: 4
 Periodic GC: Disabled
Heap:
 garbage-first heap   total 1081344K, used 602231K [0x0000000600000000, 0x0000000800000000)
  region size 4096K, 1 young (4096K), 1 survivors (4096K)
 Metaspace       used 164717K, committed 167680K, reserved 1245184K
  class space    used 21800K, committed 22976K, reserved 1048576K
GC Heap History (20 events):
Event: 217.719 GC heap after
{Heap after GC invocations=84 (full 0):
 garbage-first heap   total 671744K, used 447029K [0x0000000600000000, 0x0000000800000000)
  region size 4096K, 2 young (8192K), 2 survivors (8192K)
 Metaspace       used 149265K, committed 151872K, reserved 1245184K
  class space    used 19574K, committed 20736K, reserved 1048576K
}
Event: 217.944 GC heap before
{Heap before GC invocations=84 (full 0):
 garbage-first heap   total 671744K, used 483893K [0x0000000600000000, 0x0000000800000000)
  region size 4096K, 3 young (12288K), 2 survivors (8192K)
 Metaspace       used 149265K, committed 151872K, reserved 1245184K
  class space    used 19574K, committed 20736K, reserved 1048576K
}
Event: 217.950 GC heap after
{Heap after GC invocations=85 (full 0):
 garbage-first heap   total 671744K, used 459256K [0x0000000600000000, 0x0000000800000000)
  region size 4096K, 1 young (4096K), 1 survivors (4096K)
 Metaspace       used 149265K, committed 151872K, reserved 1245184K
  class space    used 19574K, committed 20736K, reserved 1048576K
}
Event: 218.063 GC heap before
{Heap before GC invocations=85 (full 0):
 garbage-first heap   total 671744K, used 528888K [0x0000000600000000, 0x0000000800000000)
  region size 4096K, 2 young (8192K), 1 survivors (4096K)
 Metaspace       used 149265K, committed 151872K, reserved 1245184K
  class space    used 19574K, committed 20736K, reserved 1048576K
}
Event: 218.067 GC heap after
{Heap after GC invocations=86 (full 0):
 garbage-first heap   total 671744K, used 491820K [0x0000000600000000, 0x0000000800000000)
  region size 4096K, 1 young (4096K), 1 survivors (4096K)
 Metaspace       used 149265K, committed 151872K, reserved 1245184K
  class space    used 19574K, committed 20736K, reserved 1048576K
}
Event: 218.089 GC heap before
{Heap before GC invocations=86 (full 0):
 garbage-first heap   total 671744K, used 532780K [0x0000000600000000, 0x0000000800000000)
  region size 4096K, 2 young (8192K), 1 survivors (4096K)
 Metaspace       used 149265K, committed 151872K, reserved 1245184K
  class space    used 19574K, committed 20736K, reserved 1048576K
}
Event: 218.094 GC heap after
{Heap after GC invocations=87 (full 0):
 garbage-first heap   total 671744K, used 464223K [0x0000000600000000, 0x0000000800000000)
  region size 4096K, 1 young (4096K), 1 survivors (4096K)
 Metaspace       used 149265K, committed 151872K, reserved 1245184K
  class space    used 19574K, committed 20736K, reserved 1048576K
}
Event: 221.314 GC heap before
{Heap before GC invocations=88 (full 0):
 garbage-first heap   total 901120K, used 767327K [0x0000000600000000, 0x0000000800000000)
  region size 4096K, 22 young (90112K), 1 survivors (4096K)
 Metaspace       used 150565K, committed 153152K, reserved 1245184K
  class space    used 19856K, committed 20992K, reserved 1048576K
}
Event: 221.336 GC heap after
{Heap after GC invocations=89 (full 0):
 garbage-first heap   total 901120K, used 572090K [0x0000000600000000, 0x0000000800000000)
  region size 4096K, 3 young (12288K), 3 survivors (12288K)
 Metaspace       used 150565K, committed 153152K, reserved 1245184K
  class space    used 19856K, committed 20992K, reserved 1048576K
}
Event: 221.997 GC heap before
{Heap before GC invocations=89 (full 0):
 garbage-first heap   total 901120K, used 600762K [0x0000000600000000, 0x0000000800000000)
  region size 4096K, 12 young (49152K), 3 survivors (12288K)
 Metaspace       used 152900K, committed 155456K, reserved 1245184K
  class space    used 20178K, committed 21312K, reserved 1048576K
}
Event: 222.026 GC heap after
{Heap after GC invocations=90 (full 0):
 garbage-first heap   total 901120K, used 570603K [0x0000000600000000, 0x0000000800000000)
  region size 4096K, 2 young (8192K), 2 survivors (8192K)
 Metaspace       used 152900K, committed 155456K, reserved 1245184K
  class space    used 20178K, committed 21312K, reserved 1048576K
}
Event: 225.002 GC heap before
{Heap before GC invocations=90 (full 0):
 garbage-first heap   total 901120K, used 767211K [0x0000000600000000, 0x0000000800000000)
  region size 4096K, 46 young (188416K), 2 survivors (8192K)
 Metaspace       used 161296K, committed 163904K, reserved 1245184K
  class space    used 21360K, committed 22528K, reserved 1048576K
}
Event: 225.027 GC heap after
{Heap after GC invocations=91 (full 0):
 garbage-first heap   total 901120K, used 589769K [0x0000000600000000, 0x0000000800000000)
  region size 4096K, 5 young (20480K), 5 survivors (20480K)
 Metaspace       used 161296K, committed 163904K, reserved 1245184K
  class space    used 21360K, committed 22528K, reserved 1048576K
}
Event: 226.569 GC heap before
{Heap before GC invocations=91 (full 0):
 garbage-first heap   total 901120K, used 745417K [0x0000000600000000, 0x0000000800000000)
  region size 4096K, 43 young (176128K), 5 survivors (20480K)
 Metaspace       used 163048K, committed 165632K, reserved 1245184K
  class space    used 21563K, committed 22720K, reserved 1048576K
}
Event: 226.591 GC heap after
{Heap after GC invocations=92 (full 0):
 garbage-first heap   total 901120K, used 593677K [0x0000000600000000, 0x0000000800000000)
  region size 4096K, 2 young (8192K), 2 survivors (8192K)
 Metaspace       used 163048K, committed 165632K, reserved 1245184K
  class space    used 21563K, committed 22720K, reserved 1048576K
}
Event: 228.710 GC heap before
{Heap before GC invocations=92 (full 0):
 garbage-first heap   total 901120K, used 753421K [0x0000000600000000, 0x0000000800000000)
  region size 4096K, 42 young (172032K), 2 survivors (8192K)
 Metaspace       used 165290K, committed 167872K, reserved 1245184K
  class space    used 21823K, committed 22976K, reserved 1048576K
}
Event: 228.729 GC heap after
{Heap after GC invocations=93 (full 0):
 garbage-first heap   total 901120K, used 601125K [0x0000000600000000, 0x0000000800000000)
  region size 4096K, 4 young (16384K), 4 survivors (16384K)
 Metaspace       used 165290K, committed 167872K, reserved 1245184K
  class space    used 21823K, committed 22976K, reserved 1048576K
}
Event: 231.444 GC heap before
{Heap before GC invocations=94 (full 0):
 garbage-first heap   total 1081344K, used 744485K [0x0000000600000000, 0x0000000800000000)
  region size 4096K, 39 young (159744K), 4 survivors (16384K)
 Metaspace       used 164660K, committed 167680K, reserved 1245184K
  class space    used 21794K, committed 22976K, reserved 1048576K
}
Event: 231.477 GC heap after
{Heap after GC invocations=95 (full 0):
 garbage-first heap   total 1081344K, used 610561K [0x0000000600000000, 0x0000000800000000)
  region size 4096K, 5 young (20480K), 5 survivors (20480K)
 Metaspace       used 164660K, committed 167680K, reserved 1245184K
  class space    used 21794K, committed 22976K, reserved 1048576K
}
Event: 231.660 GC heap before
{Heap before GC invocations=95 (full 0):
 garbage-first heap   total 1081344K, used 643329K [0x0000000600000000, 0x0000000800000000)
  region size 4096K, 13 young (53248K), 5 survivors (20480K)
 Metaspace       used 164717K, committed 167680K, reserved 1245184K
  class space    used 21800K, committed 22976K, reserved 1048576K
}

